2021-11-22 13:22:00,495 [Worker-8: Loading available Gradle versions] INFO  o.e.b.c.i.u.g.PublishedGradleVersions - Gradle version information cache is up-to-date. Trying to read.
2021-11-22 13:22:49,724 [Worker-3: Updating Maven Dependencies] INFO  o.e.m.c.i.l.LifecycleMappingFactory - Using org.eclipse.m2e.jdt.JarLifecycleMapping lifecycle mapping for MavenProject: com.everis:EverisGit1jadrJoseAntonioDelosAngeles:1.0-SNAPSHOT @ C:\Users\X560\Documents\Trabajo\Maven\Desafio Git\EverisGit1jadrJoseAntonioDelosAngeles\pom.xml.
2021-11-22 13:22:49,825 [Worker-13: Building] INFO  o.e.m.c.i.l.LifecycleMappingFactory - Using org.eclipse.m2e.jdt.JarLifecycleMapping lifecycle mapping for MavenProject: com.everis:EverisGit1jadrJoseAntonioDelosAngeles:1.0-SNAPSHOT @ C:\Users\X560\Documents\Trabajo\Maven\Desafio Git\EverisGit1jadrJoseAntonioDelosAngeles\pom.xml.
2021-11-22 13:22:50,261 [Worker-13: Building] WARN  o.e.m.c.i.embedder.EclipseLogger - Using platform encoding (Cp1252 actually) to copy filtered resources, i.e. build is platform dependent!
2021-11-22 13:22:50,263 [Worker-13: Building] INFO  o.e.m.c.i.embedder.EclipseLogger - skip non existing resourceDirectory C:\Users\X560\Documents\Trabajo\Maven\Desafio Git\EverisGit1jadrJoseAntonioDelosAngeles\src\main\resources
2021-11-22 13:22:50,268 [Worker-13: Building] WARN  o.e.m.c.i.embedder.EclipseLogger - Using platform encoding (Cp1252 actually) to copy filtered resources, i.e. build is platform dependent!
2021-11-22 13:22:50,270 [Worker-13: Building] INFO  o.e.m.c.i.embedder.EclipseLogger - skip non existing resourceDirectory C:\Users\X560\Documents\Trabajo\Maven\Desafio Git\EverisGit1jadrJoseAntonioDelosAngeles\src\test\resources
2021-11-22 13:22:52,136 [Worker-13: Updating Maven Dependencies] INFO  o.e.m.c.i.l.LifecycleMappingFactory - Using org.eclipse.m2e.jdt.JarLifecycleMapping lifecycle mapping for MavenProject: com.everis:EverisGit1jadrJoseAntonioDelosAngeles:1.0-SNAPSHOT @ C:\Users\X560\Documents\Trabajo\Maven\Desafio Git\EverisGit1jadrJoseAntonioDelosAngeles\pom.xml.
2021-11-22 13:22:52,154 [Worker-18: Building] WARN  o.e.m.c.i.embedder.EclipseLogger - Using platform encoding (Cp1252 actually) to copy filtered resources, i.e. build is platform dependent!
2021-11-22 13:22:52,156 [Worker-18: Building] INFO  o.e.m.c.i.embedder.EclipseLogger - skip non existing resourceDirectory C:\Users\X560\Documents\Trabajo\Maven\Desafio Git\EverisGit1jadrJoseAntonioDelosAngeles\src\main\resources
2021-11-22 13:22:52,160 [Worker-18: Building] WARN  o.e.m.c.i.embedder.EclipseLogger - Using platform encoding (Cp1252 actually) to copy filtered resources, i.e. build is platform dependent!
2021-11-22 13:22:52,161 [Worker-18: Building] INFO  o.e.m.c.i.embedder.EclipseLogger - skip non existing resourceDirectory C:\Users\X560\Documents\Trabajo\Maven\Desafio Git\EverisGit1jadrJoseAntonioDelosAngeles\src\test\resources
2021-11-22 13:22:53,222 [Worker-0: Building] WARN  o.e.m.c.i.embedder.EclipseLogger - Using platform encoding (Cp1252 actually) to copy filtered resources, i.e. build is platform dependent!
2021-11-22 13:22:53,224 [Worker-0: Building] INFO  o.e.m.c.i.embedder.EclipseLogger - skip non existing resourceDirectory C:\Users\X560\Documents\Trabajo\Maven\Desafio Git\EverisGit1jadrJoseAntonioDelosAngeles\src\main\resources
2021-11-22 13:22:53,229 [Worker-0: Building] WARN  o.e.m.c.i.embedder.EclipseLogger - Using platform encoding (Cp1252 actually) to copy filtered resources, i.e. build is platform dependent!
2021-11-22 13:22:53,231 [Worker-0: Building] INFO  o.e.m.c.i.embedder.EclipseLogger - skip non existing resourceDirectory C:\Users\X560\Documents\Trabajo\Maven\Desafio Git\EverisGit1jadrJoseAntonioDelosAngeles\src\test\resources
2021-11-22 13:22:54,264 [Worker-5: Building] WARN  o.e.m.c.i.embedder.EclipseLogger - Using platform encoding (Cp1252 actually) to copy filtered resources, i.e. build is platform dependent!
2021-11-22 13:22:54,266 [Worker-5: Building] INFO  o.e.m.c.i.embedder.EclipseLogger - skip non existing resourceDirectory C:\Users\X560\Documents\Trabajo\Maven\Desafio Git\EverisGit1jadrJoseAntonioDelosAngeles\src\main\resources
2021-11-22 13:22:54,268 [Worker-5: Building] WARN  o.e.m.c.i.embedder.EclipseLogger - Using platform encoding (Cp1252 actually) to copy filtered resources, i.e. build is platform dependent!
2021-11-22 13:22:54,269 [Worker-5: Building] INFO  o.e.m.c.i.embedder.EclipseLogger - skip non existing resourceDirectory C:\Users\X560\Documents\Trabajo\Maven\Desafio Git\EverisGit1jadrJoseAntonioDelosAngeles\src\test\resources
2021-11-22 13:23:34,914 [Worker-6: Building] WARN  o.e.m.c.i.embedder.EclipseLogger - Using platform encoding (Cp1252 actually) to copy filtered resources, i.e. build is platform dependent!
2021-11-22 13:23:34,915 [Worker-6: Building] INFO  o.e.m.c.i.embedder.EclipseLogger - skip non existing resourceDirectory C:\Users\X560\Documents\Trabajo\Maven\Desafio Git\EverisGit1jadrJoseAntonioDelosAngeles\src\main\resources
2021-11-22 13:23:34,917 [Worker-6: Building] WARN  o.e.m.c.i.embedder.EclipseLogger - Using platform encoding (Cp1252 actually) to copy filtered resources, i.e. build is platform dependent!
2021-11-22 13:23:34,919 [Worker-6: Building] INFO  o.e.m.c.i.embedder.EclipseLogger - skip non existing resourceDirectory C:\Users\X560\Documents\Trabajo\Maven\Desafio Git\EverisGit1jadrJoseAntonioDelosAngeles\src\test\resources
2021-11-22 13:23:48,575 [Worker-13: Building] WARN  o.e.m.c.i.embedder.EclipseLogger - Using platform encoding (Cp1252 actually) to copy filtered resources, i.e. build is platform dependent!
2021-11-22 13:23:48,577 [Worker-13: Building] INFO  o.e.m.c.i.embedder.EclipseLogger - skip non existing resourceDirectory C:\Users\X560\Documents\Trabajo\Maven\Desafio Git\EverisGit1jadrJoseAntonioDelosAngeles\src\main\resources
2021-11-22 13:23:48,579 [Worker-13: Building] WARN  o.e.m.c.i.embedder.EclipseLogger - Using platform encoding (Cp1252 actually) to copy filtered resources, i.e. build is platform dependent!
2021-11-22 13:23:48,580 [Worker-13: Building] INFO  o.e.m.c.i.embedder.EclipseLogger - skip non existing resourceDirectory C:\Users\X560\Documents\Trabajo\Maven\Desafio Git\EverisGit1jadrJoseAntonioDelosAngeles\src\test\resources
2021-11-22 13:24:08,989 [Worker-3: Building] WARN  o.e.m.c.i.embedder.EclipseLogger - Using platform encoding (Cp1252 actually) to copy filtered resources, i.e. build is platform dependent!
2021-11-22 13:24:08,991 [Worker-3: Building] INFO  o.e.m.c.i.embedder.EclipseLogger - skip non existing resourceDirectory C:\Users\X560\Documents\Trabajo\Maven\Desafio Git\EverisGit1jadrJoseAntonioDelosAngeles\src\main\resources
2021-11-22 13:24:08,993 [Worker-3: Building] WARN  o.e.m.c.i.embedder.EclipseLogger - Using platform encoding (Cp1252 actually) to copy filtered resources, i.e. build is platform dependent!
